<?xml version="1.0" encoding="UTF-8"?>
<!-- Generated by org.testng.reporters.JUnitXMLReporter -->
<testsuite ignored="1" hostname="Vivek-Sharma-2000" failures="2" tests="2" name="GroupTest" time="0.15" errors="0" timestamp="2022-11-26T14:15:53 IST">
  <testcase classname="Module_3.Assignment_3" name="ClickOnForms" time="0.029">
    <failure type="java.lang.NullPointerException" message="Cannot invoke &amp;quot;org.openqa.selenium.WebDriver.findElement(org.openqa.selenium.By)&amp;quot; because &amp;quot;this.driver&amp;quot; is null">
      <![CDATA[java.lang.NullPointerException: Cannot invoke "org.openqa.selenium.WebDriver.findElement(org.openqa.selenium.By)" because "this.driver" is null
at Module_3.Assignment_3.ClickOnForms(Assignment_3.java:36)
at java.base/java.util.ArrayList.forEach(ArrayList.java:1511)
... Removed 27 stack frames]]>
    </failure>
  </testcase> <!-- ClickOnForms -->
  <testcase classname="Module_3.Assignment_3" name="ClickOnPracticeForm" time="0.004">
    <failure type="java.lang.NullPointerException" message="Cannot invoke &amp;quot;org.openqa.selenium.WebDriver.findElement(org.openqa.selenium.By)&amp;quot; because &amp;quot;this.driver&amp;quot; is null">
      <![CDATA[java.lang.NullPointerException: Cannot invoke "org.openqa.selenium.WebDriver.findElement(org.openqa.selenium.By)" because "this.driver" is null
at Module_3.Assignment_3.ClickOnPracticeForm(Assignment_3.java:42)
at java.base/java.util.ArrayList.forEach(ArrayList.java:1511)
... Removed 27 stack frames]]>
    </failure>
  </testcase> <!-- ClickOnPracticeForm -->
  <testcase classname="Module_3.Assignment_3" name="RegistrationForm" time="0.0">
    <ignored/>
  </testcase> <!-- RegistrationForm -->
</testsuite> <!-- GroupTest -->
