<?xml version="1.0" encoding="UTF-8"?>
<!-- Generated by org.testng.reporters.JUnitXMLReporter -->
<testsuite ignored="0" hostname="Vivek-Sharma-2000" failures="0" tests="3" name="smoke" time="49.079" errors="0" timestamp="2022-11-25T23:08:22 IST">
  <testcase classname="Module_3.Assignment_3" name="ClickOnForms" time="0.293"/>
  <testcase classname="Module_3.Assignment_3" name="ClickOnPracticeForm" time="0.271"/>
  <testcase classname="Module_3.Assignment_3" name="RegistrationForm" time="1.64"/>
</testsuite> <!-- smoke -->
