<?xml version="1.0" encoding="UTF-8"?>
<!-- Generated by org.testng.reporters.JUnitXMLReporter -->
<testsuite ignored="0" hostname="Vivek-Sharma-2000" failures="0" tests="3" name="Test" time="47.071" errors="0" timestamp="2022-11-27T15:25:53 IST">
  <testcase classname="Module_4_Assignment_1.DataDriven" name="LoginPage" time="1.581"/>
  <testcase classname="Module_4_Assignment_1.DataDriven" name="LoginPage" time="1.733"/>
  <testcase classname="Module_4_Assignment_1.DataDriven" name="LoginPage" time="1.591"/>
</testsuite> <!-- Test -->
