<?xml version="1.0" encoding="UTF-8"?>
<!-- Generated by org.testng.reporters.JUnitXMLReporter -->
<testsuite ignored="1" hostname="Vivek-Sharma-2000" failures="0" tests="2" name="smokeTest" time="43.093" errors="0" timestamp="2022-11-26T16:13:37 IST">
  <testcase classname="Module_3.Assignment_3" name="ClickOnForms" time="0.444"/>
  <testcase classname="Module_3.Assignment_3" name="ClickOnPracticeForm" time="0.383"/>
  <testcase classname="Module_3.Assignment_3" name="RegistrationForm" time="0.0">
    <ignored/>
  </testcase> <!-- RegistrationForm -->
</testsuite> <!-- smokeTest -->
